<?xml version="1.0" encoding="UTF-8"?>
<testsuites name="jest tests" tests="3" failures="0" time="7.142">
  <testsuite name="test URL test https://www.betterplay.com/casino" errors="0" failures="0" skipped="0" timestamp="2019-06-02T08:55:44" time="7.075" tests="3">
    <testcase classname="test URL test https://www.betterplay.com/casino should load without error https://www.betterplay.com/casino" name="test URL test https://www.betterplay.com/casino should load without error https://www.betterplay.com/casino" time="2.186">
    </testcase>
    <testcase classname="test URL test https://www.betterplay.com/sports should load without error https://www.betterplay.com/sports" name="test URL test https://www.betterplay.com/sports should load without error https://www.betterplay.com/sports" time="1.124">
    </testcase>
    <testcase classname="test URL test https://www.betterplay.com/sports should load with error https://www.betterplay.com/sports" name="test URL test https://www.betterplay.com/sports should load with error https://www.betterplay.com/sports" time="2.358">
    </testcase>
  </testsuite>
</testsuites>